{ 'Chinese Traditional': { adjective: 10, noun: 5, adverb: 5, total: 20 },
  Belarusian: { adjective: 2, noun: 1, total: 3 },
  Albanian: { adjective: 3, noun: 2, adverb: 3, total: 8 },
  Danish: { adjective: 1, noun: 2, total: 3 },
  Azerbaijani: { adjective: 1, noun: 3, total: 4 },
  Russian: { adjective: 4, noun: 10, adverb: 3, total: 17 },
  Arabic: { adjective: 3, noun: 5, total: 8 },
  Afrikaans: { adjective: 1, noun: 1, total: 2 },
  Malay: { adjective: 1, noun: 2, total: 3 },
  Tamil: { adjective: 2, noun: 1, total: 3 },
  Telugu: { undefined: 2, total: 2 },
  Urdu: { adjective: 2, noun: 1, total: 3 },
  Esperanto: { undefined: 1, total: 1 },
  Filipino: { adjective: 4, noun: 2, total: 6 },
  Finnish: { adjective: 7, noun: 5, total: 12 },
  Portuguese: { adjective: 12, noun: 3, total: 15 },
  Estonian: { adjective: 3, noun: 4, total: 7 },
  Italian: { adjective: 6, noun: 5, total: 11 },
  French: { adjective: 2, noun: 3, total: 5 },
  Gujarati: { adjective: 2, noun: 8, total: 10 },
  Slovenian: { adjective: 2, noun: 1, total: 3 },
  Serbian: { adjective: 3, noun: 4, total: 7 },
  Japanese: { adjective: 16, noun: 6, total: 22 },
  Vietnamese: { adjective: 3, noun: 6, total: 9 },
  'Haitian Creole': { adjective: 1, noun: 2, total: 3 },
  Irish: { undefined: 1, total: 1 },
  Norwegian: { adjective: 1, noun: 2, total: 3 },
  Catalan: { adjective: 2, noun: 1, total: 3 },
  English: { undefined: 1, total: 1 },
  Icelandic: { adjective: 2, noun: 1, total: 3 },
  Dutch: { adjective: 3, noun: 3, total: 6 },
  Swedish: { adjective: 4, noun: 4, total: 8 },
  Basque: { adjective: 1, noun: 2, total: 3 },
  Greek: { adjective: 4, noun: 3, total: 7 },
  Latvian: { adjective: 1, noun: 5, adverb: 2, total: 8 },
  Persian: { adjective: 2, noun: 3, total: 5 },
  Hungarian: { adjective: 1, noun: 3, total: 4 },
  Spanish: { adjective: 5, noun: 5, adverb: 1, total: 11 },
  Hebrew: { adjective: 2, noun: 5, total: 7 },
  Polish: { adjective: 1, noun: 7, adverb: 2, total: 10 },
  Romanian: { adjective: 12, noun: 6, total: 18 },
  Slovak: { adjective: 5, noun: 6, total: 11 },
  Latin: { adjective: 13, noun: 10, total: 23 },
  Czech: { adjective: 6, noun: 4, adverb: 1, total: 11 },
  Georgian: { adjective: 1, noun: 2, total: 3 },
  Welsh: { adjective: 10, noun: 6, total: 16 },
  'Chinese Simplified': { adjective: 10, noun: 5, adverb: 5, total: 20 },
  Turkish: { adjective: 11, noun: 4, total: 15 },
  Yiddish: { adjective: 1, noun: 2, total: 3 },
  Lithuanian: { adjective: 5, noun: 8, adverb: 3, total: 16 },
  Indonesian: { adjective: 11, noun: 4, total: 15 },
  Hindi: { adjective: 7, noun: 10, total: 17 },
  Korean: { adjective: 3, noun: 11, adverb: 1, total: 15 },
  German: { adjective: 6, noun: 4, total: 10 },
  Thai: { adjective: 6, noun: 6, total: 12 },
  Galician: { adjective: 2, noun: 2, total: 4 },
  Bengali: { adjective: 8, noun: 13, total: 21 },
  Ukrainian: { adjective: 8, noun: 4, adverb: 4, total: 16 },
  Maltese: { adjective: 1, noun: 2, total: 3 },
  Swahili: { adjective: 2, noun: 1, total: 3 },
  Kannada: { adjective: 2, noun: 1, total: 3 },
  Bulgarian: { adjective: 5, noun: 4, total: 9 },
  Croatian: { adjective: 3, noun: 4, total: 7 },
  Macedonian: { adjective: 2, noun: 1, total: 3 } }
[ [ 'Esperanto', 1 ],
  [ 'English', 1 ],
  [ 'Irish', 1 ],
  [ 'Afrikaans', 2 ],
  [ 'Telugu', 2 ],
  [ 'Basque', 3 ],
  [ 'Yiddish', 3 ],
  [ 'Macedonian', 3 ],
  [ 'Malay', 3 ],
  [ 'Tamil', 3 ],
  [ 'Kannada', 3 ],
  [ 'Urdu', 3 ],
  [ 'Danish', 3 ],
  [ 'Georgian', 3 ],
  [ 'Belarusian', 3 ],
  [ 'Icelandic', 3 ],
  [ 'Swahili', 3 ],
  [ 'Catalan', 3 ],
  [ 'Norwegian', 3 ],
  [ 'Maltese', 3 ],
  [ 'Slovenian', 3 ],
  [ 'Haitian Creole', 3 ],
  [ 'Galician', 4 ],
  [ 'Hungarian', 4 ],
  [ 'Azerbaijani', 4 ],
  [ 'Persian', 5 ],
  [ 'French', 5 ],
  [ 'Filipino', 6 ],
  [ 'Dutch', 6 ],
  [ 'Croatian', 7 ],
  [ 'Estonian', 7 ],
  [ 'Hebrew', 7 ],
  [ 'Serbian', 7 ],
  [ 'Greek', 7 ],
  [ 'Latvian', 8 ],
  [ 'Albanian', 8 ],
  [ 'Swedish', 8 ],
  [ 'Arabic', 8 ],
  [ 'Vietnamese', 9 ],
  [ 'Bulgarian', 9 ],
  [ 'Polish', 10 ],
  [ 'Gujarati', 10 ],
  [ 'German', 10 ],
  [ 'Italian', 11 ],
  [ 'Czech', 11 ],
  [ 'Spanish', 11 ],
  [ 'Slovak', 11 ],
  [ 'Thai', 12 ],
  [ 'Finnish', 12 ],
  [ 'Korean', 15 ],
  [ 'Indonesian', 15 ],
  [ 'Portuguese', 15 ],
  [ 'Turkish', 15 ],
  [ 'Welsh', 16 ],
  [ 'Lithuanian', 16 ],
  [ 'Ukrainian', 16 ],
  [ 'Hindi', 17 ],
  [ 'Russian', 17 ],
  [ 'Romanian', 18 ],
  [ 'Chinese Traditional', 20 ],
  [ 'Chinese Simplified', 20 ],
  [ 'Bengali', 21 ],
  [ 'Japanese', 22 ],
  [ 'Latin', 23 ] ]
