{ Belarusian: { adjective: 1, total: 1 },
  'Chinese Simplified': { adjective: 6, total: 6 },
  Bulgarian: { adjective: 26, noun: 5, total: 31 },
  Afrikaans: { adjective: 1, total: 1 },
  Dutch: { adjective: 14, total: 14 },
  Arabic: { adjective: 12, total: 12 },
  Azerbaijani: { adjective: 5, total: 5 },
  Basque: { adjective: 1, total: 1 },
  Danish: { adjective: 3, total: 3 },
  Croatian: { adjective: 8, noun: 2, total: 10 },
  Finnish: { adjective: 20, total: 20 },
  Filipino: { adjective: 7, total: 7 },
  Indonesian: { adjective: 13, total: 13 },
  Catalan: { adjective: 1, total: 1 },
  'Chinese Traditional': { adjective: 6, total: 6 },
  Bengali: { adjective: 30, noun: 9, total: 39 },
  Urdu: { adjective: 1, total: 1 },
  Lithuanian: { adjective: 32, noun: 2, total: 34 },
  Albanian: { adjective: 1, noun: 16, total: 17 },
  Gujarati: { adjective: 7, total: 7 },
  Swedish: { adjective: 14, total: 14 },
  Thai: { adjective: 8, noun: 1, total: 9 },
  Esperanto: { undefined: 1, total: 1 },
  Polish: { adjective: 9, noun: 2, total: 11 },
  Welsh: { adjective: 35, total: 35 },
  Latvian: { adjective: 16, noun: 3, total: 19 },
  Icelandic: { adjective: 1, total: 1 },
  Latin: { adjective: 25, total: 25 },
  Tamil: { adjective: 5, total: 5 },
  'Haitian Creole': { adjective: 1, total: 1 },
  Swahili: { adjective: 1, total: 1 },
  Kannada: { adjective: 1, total: 1 },
  Serbian: { adjective: 8, noun: 2, total: 10 },
  Turkish: { adjective: 17, noun: 7, total: 24 },
  Yiddish: { adjective: 5, total: 5 },
  Romanian: { adjective: 25, noun: 2, total: 27 },
  Italian: { adjective: 10, total: 10 },
  Ukrainian: { adjective: 6, noun: 11, total: 17 },
  German: { adjective: 7, total: 7 },
  Portuguese: { adjective: 15, noun: 4, adverb: 2, total: 21 },
  Czech: { adjective: 10, total: 10 },
  English: { undefined: 1, total: 1 },
  Estonian: { adjective: 16, noun: 1, total: 17 },
  Hebrew: { adjective: 4, total: 4 },
  Hungarian: { adjective: 5, noun: 3, total: 8 },
  Galician: { adjective: 1, total: 1 },
  Russian: { adjective: 23, noun: 15, adverb: 1, total: 39 },
  Korean: { adjective: 18, noun: 5, total: 23 },
  Macedonian: { adjective: 1, total: 1 },
  Japanese: { adjective: 10, total: 10 },
  Irish: { undefined: 1, total: 1 },
  Georgian: { adjective: 1, total: 1 },
  Telugu: { undefined: 2, total: 2 },
  Norwegian: { adjective: 1, total: 1 },
  Persian: { adjective: 12, noun: 3, total: 15 },
  Maltese: { adjective: 1, total: 1 },
  Malay: { adjective: 1, total: 1 },
  Vietnamese: { adjective: 15, total: 15 },
  Slovenian: { adjective: 1, total: 1 },
  French: { adjective: 9, total: 9 },
  Greek: { adjective: 7, total: 7 },
  Spanish: { adjective: 21, noun: 12, total: 33 },
  Hindi: { adjective: 11, total: 11 },
  Slovak: { adjective: 1, noun: 23, total: 24 } }
[ [ 'Haitian Creole', 1 ],
  [ 'Belarusian', 1 ],
  [ 'Slovenian', 1 ],
  [ 'Kannada', 1 ],
  [ 'Basque', 1 ],
  [ 'Swahili', 1 ],
  [ 'Malay', 1 ],
  [ 'Maltese', 1 ],
  [ 'Catalan', 1 ],
  [ 'English', 1 ],
  [ 'Norwegian', 1 ],
  [ 'Urdu', 1 ],
  [ 'Afrikaans', 1 ],
  [ 'Georgian', 1 ],
  [ 'Irish', 1 ],
  [ 'Icelandic', 1 ],
  [ 'Esperanto', 1 ],
  [ 'Macedonian', 1 ],
  [ 'Galician', 1 ],
  [ 'Telugu', 2 ],
  [ 'Danish', 3 ],
  [ 'Hebrew', 4 ],
  [ 'Yiddish', 5 ],
  [ 'Tamil', 5 ],
  [ 'Azerbaijani', 5 ],
  [ 'Chinese Traditional', 6 ],
  [ 'Chinese Simplified', 6 ],
  [ 'Filipino', 7 ],
  [ 'German', 7 ],
  [ 'Greek', 7 ],
  [ 'Gujarati', 7 ],
  [ 'Hungarian', 8 ],
  [ 'Thai', 9 ],
  [ 'French', 9 ],
  [ 'Serbian', 10 ],
  [ 'Japanese', 10 ],
  [ 'Italian', 10 ],
  [ 'Czech', 10 ],
  [ 'Croatian', 10 ],
  [ 'Polish', 11 ],
  [ 'Hindi', 11 ],
  [ 'Arabic', 12 ],
  [ 'Indonesian', 13 ],
  [ 'Swedish', 14 ],
  [ 'Dutch', 14 ],
  [ 'Vietnamese', 15 ],
  [ 'Persian', 15 ],
  [ 'Estonian', 17 ],
  [ 'Ukrainian', 17 ],
  [ 'Albanian', 17 ],
  [ 'Latvian', 19 ],
  [ 'Finnish', 20 ],
  [ 'Portuguese', 21 ],
  [ 'Korean', 23 ],
  [ 'Slovak', 24 ],
  [ 'Turkish', 24 ],
  [ 'Latin', 25 ],
  [ 'Romanian', 27 ],
  [ 'Bulgarian', 31 ],
  [ 'Spanish', 33 ],
  [ 'Lithuanian', 34 ],
  [ 'Welsh', 35 ],
  [ 'Russian', 39 ],
  [ 'Bengali', 39 ] ]
