{ Telugu: { undefined: 2, total: 2 },
  Filipino: { adjective: 2, noun: 1, total: 3 },
  Dutch: { adjective: 1, noun: 5, total: 6 },
  Estonian: { adjective: 2, total: 2 },
  Korean: { adjective: 7, noun: 4, total: 11 },
  'Haitian Creole': { adjective: 1, total: 1 },
  Hebrew: { adjective: 1, noun: 1, total: 2 },
  English: { undefined: 1, total: 1 },
  Bulgarian: { adjective: 8, noun: 3, total: 11 },
  Bengali: { adjective: 19, total: 19 },
  Afrikaans: { adjective: 1, total: 1 },
  Polish: { adjective: 2, noun: 1, total: 3 },
  Arabic: { adjective: 2, total: 2 },
  Spanish: { adjective: 4, noun: 3, total: 7 },
  Georgian: { adjective: 1, total: 1 },
  Basque: { adjective: 1, total: 1 },
  'Chinese Traditional': { adjective: 4, total: 4 },
  Catalan: { adjective: 1, total: 1 },
  Irish: { undefined: 1, total: 1 },
  Esperanto: { undefined: 1, total: 1 },
  German: { adjective: 3, total: 3 },
  Norwegian: { adjective: 1, total: 1 },
  Albanian: { adjective: 1, noun: 1, total: 2 },
  Finnish: { adjective: 4, total: 4 },
  Slovenian: { adjective: 1, total: 1 },
  Galician: { adjective: 1, total: 1 },
  Swahili: { adjective: 1, total: 1 },
  Danish: { adjective: 2, total: 2 },
  Hungarian: { adjective: 3, total: 3 },
  Swedish: { adjective: 6, total: 6 },
  Romanian: { adjective: 7, noun: 2, total: 9 },
  Slovak: { adjective: 10, noun: 5, adverb: 1, total: 16 },
  Tamil: { adjective: 3, total: 3 },
  Azerbaijani: { adjective: 2, total: 2 },
  Russian: { adjective: 5, noun: 2, total: 7 },
  Kannada: { adjective: 5, total: 5 },
  Belarusian: { adjective: 1, total: 1 },
  Yiddish: { adjective: 1, total: 1 },
  Gujarati: { adjective: 1, total: 1 },
  Lithuanian: { adjective: 2, noun: 5, total: 7 },
  Greek: { adjective: 1, total: 1 },
  Czech: { adjective: 3, total: 3 },
  Persian: { adjective: 1, total: 1 },
  Macedonian: { adjective: 1, total: 1 },
  Vietnamese: { adjective: 2, total: 2 },
  Serbian: { adjective: 2, noun: 2, total: 4 },
  Latvian: { adjective: 2, total: 2 },
  Welsh: { adjective: 13, total: 13 },
  Ukrainian: { adjective: 2, noun: 1, total: 3 },
  Maltese: { adjective: 1, total: 1 },
  Icelandic: { adjective: 3, total: 3 },
  Indonesian: { adjective: 6, total: 6 },
  Portuguese: { adjective: 7, total: 7 },
  Italian: { adjective: 1, noun: 4, total: 5 },
  Thai: { adjective: 9, total: 9 },
  Turkish: { adjective: 2, noun: 3, total: 5 },
  Malay: { adjective: 1, total: 1 },
  Latin: { adjective: 12, noun: 2, total: 14 },
  Croatian: { adjective: 2, noun: 2, total: 4 },
  'Chinese Simplified': { adjective: 4, total: 4 },
  Japanese: { adjective: 4, total: 4 },
  French: { adjective: 2, total: 2 },
  Hindi: { adjective: 7, noun: 1, total: 8 },
  Urdu: { adjective: 1, total: 1 } }
[ [ 'Catalan', 1 ],
  [ 'Urdu', 1 ],
  [ 'Haitian Creole', 1 ],
  [ 'English', 1 ],
  [ 'Maltese', 1 ],
  [ 'Afrikaans', 1 ],
  [ 'Macedonian', 1 ],
  [ 'Georgian', 1 ],
  [ 'Basque', 1 ],
  [ 'Persian', 1 ],
  [ 'Malay', 1 ],
  [ 'Irish', 1 ],
  [ 'Esperanto', 1 ],
  [ 'Greek', 1 ],
  [ 'Norwegian', 1 ],
  [ 'Gujarati', 1 ],
  [ 'Slovenian', 1 ],
  [ 'Galician', 1 ],
  [ 'Swahili', 1 ],
  [ 'Yiddish', 1 ],
  [ 'Belarusian', 1 ],
  [ 'Estonian', 2 ],
  [ 'Albanian', 2 ],
  [ 'Telugu', 2 ],
  [ 'Latvian', 2 ],
  [ 'French', 2 ],
  [ 'Vietnamese', 2 ],
  [ 'Danish', 2 ],
  [ 'Arabic', 2 ],
  [ 'Hebrew', 2 ],
  [ 'Azerbaijani', 2 ],
  [ 'Tamil', 3 ],
  [ 'Icelandic', 3 ],
  [ 'Hungarian', 3 ],
  [ 'Ukrainian', 3 ],
  [ 'German', 3 ],
  [ 'Czech', 3 ],
  [ 'Filipino', 3 ],
  [ 'Polish', 3 ],
  [ 'Japanese', 4 ],
  [ 'Chinese Simplified', 4 ],
  [ 'Chinese Traditional', 4 ],
  [ 'Finnish', 4 ],
  [ 'Croatian', 4 ],
  [ 'Serbian', 4 ],
  [ 'Italian', 5 ],
  [ 'Kannada', 5 ],
  [ 'Turkish', 5 ],
  [ 'Swedish', 6 ],
  [ 'Indonesian', 6 ],
  [ 'Dutch', 6 ],
  [ 'Lithuanian', 7 ],
  [ 'Russian', 7 ],
  [ 'Portuguese', 7 ],
  [ 'Spanish', 7 ],
  [ 'Hindi', 8 ],
  [ 'Thai', 9 ],
  [ 'Romanian', 9 ],
  [ 'Korean', 11 ],
  [ 'Bulgarian', 11 ],
  [ 'Welsh', 13 ],
  [ 'Latin', 14 ],
  [ 'Slovak', 16 ],
  [ 'Bengali', 19 ] ]
